<?xml version="1.0" encoding="UTF-8"?>
<!-- Generated by org.testng.reporters.JUnitReportReporter -->
<testsuite hostname="MNCTVN05589" name="mobile.ssr.mainClass" tests="1" failures="0" timestamp="14 Nov 2019 05:36:33 GMT" time="32.154" errors="0">
  <testcase name="Cekurl_Redirect" time="32.154" classname="mobile.ssr.mainClass"/>
</testsuite> <!-- mobile.ssr.mainClass -->
