<?xml version="1.0" encoding="UTF-8"?>
<!-- Generated by org.testng.reporters.JUnitReportReporter -->
<testsuite hostname="MNCTVN05589" name="rcti.mainClass" tests="1" failures="0" timestamp="12 Nov 2019 10:27:05 GMT" time="39.273" errors="0">
  <testcase name="cekHomepage" time="39.273" classname="rcti.mainClass"/>
</testsuite> <!-- rcti.mainClass -->
