<?xml version="1.0" encoding="UTF-8"?>
<!-- Generated by org.testng.reporters.JUnitReportReporter -->
<testsuite hostname="MNCTVN05589" name="rcti.mainClass" tests="1" failures="0" timestamp="22 Oct 2019 06:55:19 GMT" time="106.529" errors="0">
  <testcase name="cekLiveInews" time="106.529" classname="rcti.mainClass"/>
</testsuite> <!-- rcti.mainClass -->
