<?xml version="1.0" encoding="UTF-8"?>
<!-- Generated by org.testng.reporters.JUnitReportReporter -->
<testsuite hostname="MNCTVN05589" name="rctiplus.mainClass" tests="1" failures="0" timestamp="23 Oct 2019 03:04:29 GMT" time="75.093" errors="0">
  <testcase name="cekLiveInews" time="75.093" classname="rctiplus.mainClass"/>
</testsuite> <!-- rctiplus.mainClass -->
