<?xml version="1.0" encoding="UTF-8"?>
<!-- Generated by org.testng.reporters.JUnitReportReporter -->
<testsuite hostname="MNCTVN05589" name="rctiplus.mainClass" tests="1" failures="0" timestamp="30 Oct 2019 03:15:32 GMT" time="38.805" errors="0">
  <testcase name="LiveChat" time="38.805" classname="rctiplus.mainClass"/>
</testsuite> <!-- rctiplus.mainClass -->
