<?xml version="1.0" encoding="UTF-8"?>
<!-- Generated by org.testng.reporters.JUnitReportReporter -->
<testsuite hostname="MNCTVN05589" name="rctiplus.mainClass" tests="1" failures="0" timestamp="24 Oct 2019 04:22:39 GMT" time="34.180" errors="0">
  <testcase name="TestAds" time="34.180" classname="rctiplus.mainClass"/>
</testsuite> <!-- rctiplus.mainClass -->
