<?xml version="1.0" encoding="UTF-8"?>
<!-- Generated by org.testng.reporters.JUnitReportReporter -->
<testsuite hostname="MNCTVN05589" name="rctiplus.mainClass" tests="1" failures="0" timestamp="16 Nov 2019 18:13:35 GMT" time="89.956" errors="0">
  <testcase name="Cek_Lupa_Passwor" time="89.956" classname="rctiplus.mainClass"/>
</testsuite> <!-- rctiplus.mainClass -->
