<?xml version="1.0" encoding="UTF-8"?>
<!-- Generated by org.testng.reporters.JUnitReportReporter -->
<testsuite hostname="MNCTVN05589" name="rctiplus.mainClass" tests="2" failures="0" timestamp="29 Oct 2019 04:19:00 GMT" time="136.357" errors="0">
  <testcase name="TestLinkExclusive" time="22.539" classname="rctiplus.mainClass"/>
  <testcase name="TestLink" time="113.818" classname="rctiplus.mainClass"/>
</testsuite> <!-- rctiplus.mainClass -->
