<?xml version="1.0" encoding="UTF-8"?>
<!-- Generated by org.testng.reporters.JUnitReportReporter -->
<testsuite hostname="MNCTVN05589" name="rctiplus.mainClass" tests="1" failures="0" timestamp="17 Nov 2019 12:32:02 GMT" time="56.883" errors="0">
  <testcase name="Cek_Explore" time="56.883" classname="rctiplus.mainClass"/>
</testsuite> <!-- rctiplus.mainClass -->
