<?xml version="1.0" encoding="UTF-8"?>
<!-- Generated by org.testng.reporters.JUnitReportReporter -->
<testsuite hostname="MNCTVN05589" name="rctiplus.mainClass" tests="1" failures="0" timestamp="27 Oct 2019 03:52:50 GMT" time="54.823" errors="0">
  <testcase name="cekTitle" time="54.823" classname="rctiplus.mainClass"/>
</testsuite> <!-- rctiplus.mainClass -->
