<?xml version="1.0" encoding="UTF-8"?>
<!-- Generated by org.testng.reporters.JUnitReportReporter -->
<testsuite hostname="MNCTVN05589" name="cms.mainClass" tests="1" failures="0" timestamp="18 Oct 2019 03:04:44 GMT" time="82.915" errors="0">
  <testcase name="testvid" time="82.915" classname="cms.mainClass"/>
</testsuite> <!-- cms.mainClass -->
