<?xml version="1.0" encoding="UTF-8"?>
<!-- Generated by org.testng.reporters.JUnitReportReporter -->
<testsuite hostname="MNCTVN05589" name="cms.mainClass" tests="2" failures="0" timestamp="14 Oct 2019 04:21:33 GMT" time="32.188" errors="0">
  <testcase name="Login" time="23.733" classname="cms.mainClass"/>
  <testcase name="Title" time="8.455" classname="cms.mainClass"/>
</testsuite> <!-- cms.mainClass -->
